Started by user [8mha:////4BSTH4w7uyhmG9pEMRcCIDjMjCEqXdt8w8nYYZqYn6wBAAAAmx+LCAAAAAAAAP9b85aBtbiIQTGjNKU4P08vOT+vOD8nVc83PyU1x6OyILUoJzMv2y+/JJUBAhiZGBgqihhk0NSjKDWzXb3RdlLBUSYGJk8GtpzUvPSSDB8G5tKinBIGIZ+sxLJE/ZzEvHT94JKizLx0a6BxUmjGOUNodHsLgAy2EgZ+/dLi1CL9sszijMScbENzACJKU8XEAAAA[0mvishal
[Sun Jan 15 04:32:02 UTC 2023] Starting branch indexing...
 > git --version # timeout=10
 > git --version # 'git version 2.38.1'
 > git ls-remote --symref -- https://github.com/vishalk17/temp-index # timeout=10
 > git rev-parse --resolve-git-dir /root/.jenkins/caches/git-e39e6579280905e39cc5c56c1938f533/.git # timeout=10
Setting origin to https://github.com/vishalk17/temp-index
 > git config remote.origin.url https://github.com/vishalk17/temp-index # timeout=10
Fetching & pruning origin...
Listing remote references...
 > git config --get remote.origin.url # timeout=10
 > git --version # timeout=10
 > git --version # 'git version 2.38.1'
 > git ls-remote -h -- https://github.com/vishalk17/temp-index # timeout=10
Fetching upstream changes from origin
 > git config --get remote.origin.url # timeout=10
 > git fetch --tags --force --progress --prune -- origin +refs/heads/*:refs/remotes/origin/* # timeout=10
Checking branches...
  Checking branch main
      ‘Jenkinsfile’ found
    Met criteria
No changes detected: main (still at 6996dd1c1635ab8a86882b29fb9b8c4dfb31835a)
  Checking branch test
      ‘Jenkinsfile’ found
    Met criteria
No changes detected: test (still at b0e4b5118e38ee4f8932cc41d5b0195aebf006a5)
  Checking branch dev
      ‘Jenkinsfile’ found
    Met criteria
No changes detected: dev (still at 7d8b50d1fbbb69077ab3202d1e4e2b6d2671253d)
Processed 3 branches
[Sun Jan 15 04:32:04 UTC 2023] Finished branch indexing. Indexing took 1.7 sec
Finished: SUCCESS
