Started at Wed Jan 18 18:55:27 UTC 2023
Checking 01-downstream-docker-index.html-deployment
Checking 1st pipeline
Checking create_file_custome_ws
Checking deploy hello world to tomcat
Checking deploy index on httpd
Checking deploy index.html to containers
Checking deploy war on slaves
Checking hello_word_war_deploy
Checking jenkins_file_pr1
Checking multi-deploy
Checking multi-node-execution
Checking multiple_stages
Checking parallel-stage
Checking pipeline with agent
Checking pipeline_custom_ws
Checking sequence stage
Checking slave1execute
Checking test
Checking trigger_another_job
Checking multi-deploy » dev
Checking multi-deploy » main
Checking multi-deploy » test
Checking deploy index.html to containers » dev
Checking deploy index.html to containers » main
Checking deploy index.html to containers » test
Finished at Wed Jan 18 18:55:27 UTC 2023. 5ms
