Started by user [8mha:////4BSTH4w7uyhmG9pEMRcCIDjMjCEqXdt8w8nYYZqYn6wBAAAAmx+LCAAAAAAAAP9b85aBtbiIQTGjNKU4P08vOT+vOD8nVc83PyU1x6OyILUoJzMv2y+/JJUBAhiZGBgqihhk0NSjKDWzXb3RdlLBUSYGJk8GtpzUvPSSDB8G5tKinBIGIZ+sxLJE/ZzEvHT94JKizLx0a6BxUmjGOUNodHsLgAy2EgZ+/dLi1CL9sszijMScbENzACJKU8XEAAAA[0mvishal
[Fri Jan 06 08:28:39 UTC 2023] Starting branch indexing...
 > git --version # timeout=10
 > git --version # 'git version 2.38.1'
using GIT_ASKPASS to set credentials 
 > git ls-remote --symref -- https://github.com/vishalk17/temp-index # timeout=10
 > git rev-parse --resolve-git-dir /root/.jenkins/caches/git-e39e6579280905e39cc5c56c1938f533/.git # timeout=10
Setting origin to https://github.com/vishalk17/temp-index
 > git config remote.origin.url https://github.com/vishalk17/temp-index # timeout=10
Fetching & pruning origin...
Listing remote references...
 > git config --get remote.origin.url # timeout=10
 > git --version # timeout=10
 > git --version # 'git version 2.38.1'
using GIT_ASKPASS to set credentials 
 > git ls-remote -h -- https://github.com/vishalk17/temp-index # timeout=10
Fetching upstream changes from origin
 > git config --get remote.origin.url # timeout=10
using GIT_ASKPASS to set credentials 
 > git fetch --tags --force --progress --prune -- origin +refs/heads/*:refs/remotes/origin/* # timeout=10
Checking branches...
  Checking branch main
      ‘Jenkinsfile’ found
    Met criteria
Changes detected: main (e743e32910a91443ce1dc8161adebf923437ede2 → 3608804e1e15aa3f9a7e9eecf148925f6f14175c)
Scheduled build for branch: main
  Checking branch test
      ‘Jenkinsfile’ found
    Met criteria
Changes detected: test (8f90dcc5ee4e8fbe388108fa95b6ebe2ebdc7f0e → 065a4890ebfc717af1461b97cb3a4b408417dc13)
Scheduled build for branch: test
  Checking branch dev
      ‘Jenkinsfile’ found
    Met criteria
Changes detected: dev (71e584820a54fb85698dcaf3859d807fe138b0f3 → 00dbd1348bb5062314b53e6539e984753dffe8ec)
Scheduled build for branch: dev
Processed 3 branches
[Fri Jan 06 08:28:42 UTC 2023] Finished branch indexing. Indexing took 2.8 sec
Finished: SUCCESS
